<?xml version="1.0" encoding="utf-8"?><testsuites name="pytest tests"><testsuite name="pytest" errors="0" failures="0" skipped="0" tests="29" time="6.222" timestamp="2026-04-24T14:34:26.383289+00:00" hostname="agent-env-1346f5e9-20e5-4784-a602-21c309f102d4"><testcase classname="backend.tests.backend_test" name="test_admin_login" time="0.632" /><testcase classname="backend.tests.backend_test" name="test_register_duplicate" time="0.598" /><testcase classname="backend.tests.backend_test" name="test_login_bad_pwd" time="0.518" /><testcase classname="backend.tests.backend_test" name="test_me_citizen" time="0.064" /><testcase classname="backend.tests.backend_test" name="test_fir_create_citizen" time="0.103" /><testcase classname="backend.tests.backend_test" name="test_fir_list_citizen_scoped" time="0.060" /><testcase classname="backend.tests.backend_test" name="test_fir_detail" time="0.060" /><testcase classname="backend.tests.backend_test" name="test_fir_status_citizen_forbidden" time="0.063" /><testcase classname="backend.tests.backend_test" name="test_fir_status_police" time="0.629" /><testcase classname="backend.tests.backend_test" name="test_fir_list_police_sees_all" time="0.061" /><testcase classname="backend.tests.backend_test" name="test_suspect_citizen_forbidden" time="0.060" /><testcase classname="backend.tests.backend_test" name="test_suspect_create_police" time="0.100" /><testcase classname="backend.tests.backend_test" name="test_suspect_list" time="0.082" /><testcase classname="backend.tests.backend_test" name="test_suspect_citizen_create_forbidden" time="0.077" /><testcase classname="backend.tests.backend_test" name="test_evidence_upload" time="0.096" /><testcase classname="backend.tests.backend_test" name="test_evidence_verify_ok" time="0.069" /><testcase classname="backend.tests.backend_test" name="test_evidence_tampering" time="0.649" /><testcase classname="backend.tests.backend_test" name="test_evidence_download" time="0.086" /><testcase classname="backend.tests.backend_test" name="test_forensic_add" time="0.584" /><testcase classname="backend.tests.backend_test" name="test_forensic_citizen_forbidden" time="0.064" /><testcase classname="backend.tests.backend_test" name="test_blockchain_integrity" time="0.061" /><testcase classname="backend.tests.backend_test" name="test_analytics_stats" time="0.067" /><testcase classname="backend.tests.backend_test" name="test_activity_logs_admin" time="0.061" /><testcase classname="backend.tests.backend_test" name="test_activity_logs_citizen_forbidden" time="0.062" /><testcase classname="backend.tests.backend_test" name="test_users_list_admin" time="0.107" /><testcase classname="backend.tests.backend_test" name="test_users_list_citizen_forbidden" time="0.062" /><testcase classname="backend.tests.backend_test" name="test_user_update_admin" time="0.070" /><testcase classname="backend.tests.backend_test" name="test_user_delete_admin" time="0.751" /><testcase classname="backend.tests.backend_test" name="test_crime_report" time="0.111" /></testsuite></testsuites>